<?xml version="1.0" encoding="UTF-8"?>
<testng-results ignored="0" total="1" passed="1" failed="0" skipped="0">
  <reporter-output>
  </reporter-output>
  <suite started-at="2025-06-16T14:13:49 IST" name="Suite" finished-at="2025-06-16T14:13:56 IST" duration-ms="6748">
    <groups>
    </groups>
    <test started-at="2025-06-16T14:13:49 IST" name="Test" finished-at="2025-06-16T14:13:56 IST" duration-ms="6748">
      <class name="tests.LinkedInProfileTest">
        <test-method is-config="true" signature="SetupBrowser()[pri:0, instance:tests.LinkedInProfileTest@17f7cd29]" started-at="2025-06-16T14:13:49 IST" name="SetupBrowser" finished-at="2025-06-16T14:13:54 IST" duration-ms="4940" status="PASS">
          <reporter-output>
          </reporter-output>
        </test-method> <!-- SetupBrowser -->
        <test-method signature="testdemo()[pri:0, instance:tests.LinkedInProfileTest@17f7cd29]" started-at="2025-06-16T14:13:54 IST" name="testdemo" finished-at="2025-06-16T14:13:56 IST" duration-ms="1742" status="PASS">
          <reporter-output>
          </reporter-output>
        </test-method> <!-- testdemo -->
      </class> <!-- tests.LinkedInProfileTest -->
    </test> <!-- Test -->
  </suite> <!-- Suite -->
</testng-results>
