<?xml version="1.0" encoding="UTF-8"?>
<testng-results ignored="0" total="1" passed="1" failed="0" skipped="0">
  <reporter-output>
  </reporter-output>
  <suite started-at="2025-06-10T12:41:22 IST" name="Suite" finished-at="2025-06-10T12:41:37 IST" duration-ms="15057">
    <groups>
    </groups>
    <test started-at="2025-06-10T12:41:22 IST" name="Test" finished-at="2025-06-10T12:41:37 IST" duration-ms="15057">
      <class name="org.capg.sprint.tests.TST_001_PaintingCleaning">
        <test-method is-config="true" signature="browserSetup()[pri:0, instance:org.capg.sprint.tests.TST_001_PaintingCleaning@7817fd62]" started-at="2025-06-10T12:41:22 IST" name="browserSetup" finished-at="2025-06-10T12:41:31 IST" duration-ms="8980" status="PASS">
          <reporter-output>
          </reporter-output>
        </test-method> <!-- browserSetup -->
        <test-method is-config="true" signature="pageSetup()[pri:0, instance:org.capg.sprint.tests.TST_001_PaintingCleaning@7817fd62]" started-at="2025-06-10T12:41:31 IST" name="pageSetup" finished-at="2025-06-10T12:41:31 IST" duration-ms="140" status="PASS">
          <reporter-output>
          </reporter-output>
        </test-method> <!-- pageSetup -->
        <test-method signature="testPaintingAndCleaning()[pri:0, instance:org.capg.sprint.tests.TST_001_PaintingCleaning@7817fd62]" started-at="2025-06-10T12:41:31 IST" name="testPaintingAndCleaning" finished-at="2025-06-10T12:41:37 IST" duration-ms="5748" status="PASS">
          <reporter-output>
          </reporter-output>
        </test-method> <!-- testPaintingAndCleaning -->
      </class> <!-- org.capg.sprint.tests.TST_001_PaintingCleaning -->
    </test> <!-- Test -->
  </suite> <!-- Suite -->
</testng-results>
