<?xml version="1.0" encoding="UTF-8"?>
<testng-results ignored="0" total="2" passed="2" failed="0" skipped="0">
  <reporter-output>
  </reporter-output>
  <suite started-at="2025-06-10T15:02:08 IST" name="Suite" finished-at="2025-06-10T15:02:38 IST" duration-ms="29890">
    <groups>
    </groups>
    <test started-at="2025-06-10T15:02:08 IST" name="Test" finished-at="2025-06-10T15:02:38 IST" duration-ms="29890">
      <class name="com.demo.testngdemo.tests.TSNSTSearchBus">
        <test-method is-config="true" signature="navigation()[pri:0, instance:com.demo.testngdemo.tests.TSNSTSearchBus@7bedc48a]" started-at="2025-06-10T15:02:08 IST" name="navigation" finished-at="2025-06-10T15:02:17 IST" duration-ms="9555" status="PASS">
          <reporter-output>
          </reporter-output>
        </test-method> <!-- navigation -->
        <test-method is-config="true" signature="setupTest()[pri:0, instance:com.demo.testngdemo.tests.TSNSTSearchBus@7bedc48a]" started-at="2025-06-10T15:02:18 IST" name="setupTest" finished-at="2025-06-10T15:02:18 IST" duration-ms="92" status="PASS">
          <reporter-output>
          </reporter-output>
        </test-method> <!-- setupTest -->
        <test-method signature="login()[pri:0, instance:com.demo.testngdemo.tests.TSNSTSearchBus@7bedc48a]" started-at="2025-06-10T15:02:18 IST" name="login" finished-at="2025-06-10T15:02:20 IST" duration-ms="1943" status="PASS">
          <reporter-output>
          </reporter-output>
        </test-method> <!-- login -->
        <test-method is-config="true" signature="setupTest()[pri:0, instance:com.demo.testngdemo.tests.TSNSTSearchBus@7bedc48a]" started-at="2025-06-10T15:02:20 IST" name="setupTest" finished-at="2025-06-10T15:02:20 IST" duration-ms="49" status="PASS">
          <reporter-output>
          </reporter-output>
        </test-method> <!-- setupTest -->
        <test-method signature="searchBus()[pri:0, instance:com.demo.testngdemo.tests.TSNSTSearchBus@7bedc48a]" started-at="2025-06-10T15:02:20 IST" name="searchBus" finished-at="2025-06-10T15:02:38 IST" depends-on-methods="com.demo.testngdemo.tests.TSNSTSearchBus.login" duration-ms="18139" status="PASS">
          <reporter-output>
          </reporter-output>
        </test-method> <!-- searchBus -->
      </class> <!-- com.demo.testngdemo.tests.TSNSTSearchBus -->
    </test> <!-- Test -->
  </suite> <!-- Suite -->
</testng-results>
