<?xml version="1.0" encoding="UTF-8"?>
<testng-results ignored="0" total="1" passed="1" failed="0" skipped="0">
  <reporter-output>
  </reporter-output>
  <suite started-at="2025-06-16T09:26:12 IST" name="Suite" finished-at="2025-06-16T09:26:38 IST" duration-ms="25494">
    <groups>
    </groups>
    <test started-at="2025-06-16T09:26:12 IST" name="Test" finished-at="2025-06-16T09:26:38 IST" duration-ms="25494">
      <class name="tests.TestFreeCrm">
        <test-method is-config="true" signature="setUpBrowser()[pri:0, instance:tests.TestFreeCrm@7d8704ef]" started-at="2025-06-16T09:26:12 IST" name="setUpBrowser" finished-at="2025-06-16T09:26:26 IST" duration-ms="13917" status="PASS">
          <reporter-output>
          </reporter-output>
        </test-method> <!-- setUpBrowser -->
        <test-method signature="testLoginAndNavigateToCompanies()[pri:0, instance:tests.TestFreeCrm@7d8704ef]" started-at="2025-06-16T09:26:26 IST" name="testLoginAndNavigateToCompanies" finished-at="2025-06-16T09:26:38 IST" duration-ms="11465" status="PASS">
          <reporter-output>
          </reporter-output>
        </test-method> <!-- testLoginAndNavigateToCompanies -->
      </class> <!-- tests.TestFreeCrm -->
    </test> <!-- Test -->
  </suite> <!-- Suite -->
</testng-results>
