<?xml version="1.0" encoding="UTF-8"?>
<testng-results ignored="0" total="1" passed="1" failed="0" skipped="0">
  <reporter-output>
    <line>
      <![CDATA[Setting up system properties for the suite.]]>
    </line>
    <line>
      <![CDATA[Choosing the QA Server for testing.]]>
    </line>
    <line>
      <![CDATA[Setting up test-specific configurations.]]>
    </line>
    <line>
      <![CDATA[Setting up the test environment.]]>
    </line>
    <line>
      <![CDATA[Train search executed successfully.]]>
    </line>
    <line>
      <![CDATA[Browser closed successfully.]]>
    </line>
  </reporter-output>
  <suite started-at="2025-06-09T17:41:59 IST" name="IrctcBooking" finished-at="2025-06-09T17:42:32 IST" duration-ms="32814">
    <groups>
    </groups>
    <test started-at="2025-06-09T17:41:59 IST" name="RegressionTest" finished-at="2025-06-09T17:42:32 IST" duration-ms="32814">
      <class name="com.demo.testngdemo.tests.TestNgAnnotations">
        <test-method is-config="true" signature="setupSuite()[pri:0, instance:com.demo.testngdemo.tests.TestNgAnnotations@6c40365c]" started-at="2025-06-09T17:41:59 IST" name="setupSuite" finished-at="2025-06-09T17:41:59 IST" duration-ms="30" status="PASS">
          <reporter-output>
            <line>
              <![CDATA[Setting up system properties for the suite.]]>
            </line>
            <line>
              <![CDATA[Choosing the QA Server for testing.]]>
            </line>
          </reporter-output>
        </test-method> <!-- setupSuite -->
        <test-method is-config="true" signature="setupTest()[pri:0, instance:com.demo.testngdemo.tests.TestNgAnnotations@6c40365c]" started-at="2025-06-09T17:41:59 IST" name="setupTest" finished-at="2025-06-09T17:41:59 IST" duration-ms="1" status="PASS">
          <reporter-output>
            <line>
              <![CDATA[Setting up test-specific configurations.]]>
            </line>
            <line>
              <![CDATA[Setting up the test environment.]]>
            </line>
          </reporter-output>
        </test-method> <!-- setupTest -->
        <test-method is-config="true" signature="setupClass()[pri:0, instance:com.demo.testngdemo.tests.TestNgAnnotations@6c40365c]" started-at="2025-06-09T17:41:59 IST" name="setupClass" finished-at="2025-06-09T17:42:17 IST" duration-ms="18417" status="PASS">
          <reporter-output>
          </reporter-output>
        </test-method> <!-- setupClass -->
        <test-method signature="testChooseTrain()[pri:0, instance:com.demo.testngdemo.tests.TestNgAnnotations@6c40365c]" started-at="2025-06-09T17:42:18 IST" name="testChooseTrain" finished-at="2025-06-09T17:42:29 IST" duration-ms="11534" status="PASS">
          <reporter-output>
            <line>
              <![CDATA[Train search executed successfully.]]>
            </line>
          </reporter-output>
        </test-method> <!-- testChooseTrain -->
        <test-method is-config="true" signature="tearDownClass()[pri:0, instance:com.demo.testngdemo.tests.TestNgAnnotations@6c40365c]" started-at="2025-06-09T17:42:29 IST" name="tearDownClass" finished-at="2025-06-09T17:42:32 IST" duration-ms="2700" status="PASS">
          <reporter-output>
            <line>
              <![CDATA[Browser closed successfully.]]>
            </line>
          </reporter-output>
        </test-method> <!-- tearDownClass -->
      </class> <!-- com.demo.testngdemo.tests.TestNgAnnotations -->
    </test> <!-- RegressionTest -->
  </suite> <!-- IrctcBooking -->
</testng-results>
